# JRE version: OpenJDK Runtime Environment (17.0.13+11) (build 17.0.13+11-Ubuntu-2ubuntu122.04)
# Java VM: OpenJDK 64-Bit Server VM (17.0.13+11-Ubuntu-2ubuntu122.04, mixed mode, sharing, tiered, compressed oops, compressed class ptrs, g1 gc, linux-amd64)
GC Precious Log:
 CPUs: 4 total, 4 available
 Memory: 7808M
 Large Page Support: Disabled
 NUMA Support: Disabled
 Compressed Oops: Enabled (32-bit)
 Heap Region Size: 1M
 Heap Min Capacity: 8M
 Heap Initial Capacity: 124M
 Heap Max Capacity: 1954M
 Pre-touch: Disabled
 Parallel Workers: 4
 Concurrent Workers: 1
 Concurrent Refinement Workers: 4
 Periodic GC: Disabled
Heap:
 garbage-first heap   total 129024K, used 94117K [0x0000000085e00000, 0x0000000100000000)
  region size 1024K, 50 young (51200K), 5 survivors (5120K)
 Metaspace       used 19919K, committed 20160K, reserved 1114112K
  class space    used 2328K, committed 2432K, reserved 1048576K
GC Heap History (8 events):
Event: 5,127 GC heap before
{Heap before GC invocations=0 (full 0):
 garbage-first heap   total 129024K, used 13232K [0x0000000085e00000, 0x0000000100000000)
  region size 1024K, 13 young (13312K), 0 survivors (0K)
 Metaspace       used 3724K, committed 3904K, reserved 1114112K
  class space    used 413K, committed 512K, reserved 1048576K
}
Event: 5,160 GC heap after
{Heap after GC invocations=1 (full 0):
 garbage-first heap   total 129024K, used 3735K [0x0000000085e00000, 0x0000000100000000)
  region size 1024K, 2 young (2048K), 2 survivors (2048K)
 Metaspace       used 3724K, committed 3904K, reserved 1114112K
  class space    used 413K, committed 512K, reserved 1048576K
}
Event: 6,777 GC heap before
{Heap before GC invocations=1 (full 0):
 garbage-first heap   total 129024K, used 19095K [0x0000000085e00000, 0x0000000100000000)
  region size 1024K, 17 young (17408K), 2 survivors (2048K)
 Metaspace       used 5872K, committed 6080K, reserved 1114112K
  class space    used 715K, committed 832K, reserved 1048576K
}
Event: 6,799 GC heap after
{Heap after GC invocations=2 (full 0):
 garbage-first heap   total 129024K, used 4437K [0x0000000085e00000, 0x0000000100000000)
  region size 1024K, 1 young (1024K), 1 survivors (1024K)
 Metaspace       used 5872K, committed 6080K, reserved 1114112K
  class space    used 715K, committed 832K, reserved 1048576K
}
Event: 14,298 GC heap before
{Heap before GC invocations=2 (full 0):
 garbage-first heap   total 129024K, used 79189K [0x0000000085e00000, 0x0000000100000000)
  region size 1024K, 74 young (75776K), 1 survivors (1024K)
 Metaspace       used 15216K, committed 15360K, reserved 1114112K
  class space    used 1852K, committed 1920K, reserved 1048576K
}
Event: 14,389 GC heap after
{Heap after GC invocations=3 (full 0):
 garbage-first heap   total 129024K, used 11733K [0x0000000085e00000, 0x0000000100000000)
  region size 1024K, 8 young (8192K), 8 survivors (8192K)
 Metaspace       used 15216K, committed 15360K, reserved 1114112K
  class space    used 1852K, committed 1920K, reserved 1048576K
}
Event: 18,914 GC heap before
{Heap before GC invocations=3 (full 0):
 garbage-first heap   total 129024K, used 78293K [0x0000000085e00000, 0x0000000100000000)
  region size 1024K, 73 young (74752K), 8 survivors (8192K)
 Metaspace       used 16026K, committed 16256K, reserved 1114112K
  class space    used 1883K, committed 1984K, reserved 1048576K
}
Event: 19,054 GC heap after
{Heap after GC invocations=4 (full 0):
 garbage-first heap   total 129024K, used 16293K [0x0000000085e00000, 0x0000000100000000)
  region size 1024K, 5 young (5120K), 5 survivors (5120K)
 Metaspace       used 16026K, committed 16256K, reserved 1114112K
  class space    used 1883K, committed 1984K, reserved 1048576K
}

